#
# A fatal error has been detected by the Java Runtime Environment:
#
#  EXCEPTION_ACCESS_VIOLATION (0xc0000005) at pc=0x00007ffa2be7e8b7, pid=21680, tid=12424
#
# JRE version: OpenJDK Runtime Environment Temurin-21.0.8+9 (21.0.8+9) (build 21.0.8+9-LTS)
# Java VM: OpenJDK 64-Bit Server VM Temurin-21.0.8+9 (21.0.8+9-LTS, mixed mode, sharing, tiered, compressed oops, compressed class ptrs, parallel gc, windows-amd64)
# Problematic frame:
# V  [jvm.dll+0x70e8b7]
#
# No core dump will be written. Minidumps are not enabled by default on client versions of Windows
#
# If you would like to submit a bug report, please visit:
#   https://github.com/adoptium/adoptium-support/issues
#

---------------  S U M M A R Y ------------

Command Line: --add-modules=ALL-SYSTEM --add-opens=java.base/java.util=ALL-UNNAMED --add-opens=java.base/java.lang=ALL-UNNAMED --add-opens=java.base/sun.nio.fs=ALL-UNNAMED -Declipse.application=org.eclipse.jdt.ls.core.id1 -Dosgi.bundles.defaultStartLevel=4 -Declipse.product=org.eclipse.jdt.ls.core.product -Djava.import.generatesMetadataFilesAtProjectRoot=false -DDetectVMInstallationsJob.disabled=true -Dfile.encoding=utf8 -XX:+UseParallelGC -XX:GCTimeRatio=4 -XX:AdaptiveSizePolicyWeight=90 -Dsun.zip.disableMemoryMapping=true -Xmx2G -Xms100m -Xlog:disable -javaagent:c:\Users\johan\.vscode\extensions\redhat.java-1.46.0-win32-x64\lombok\lombok-1.18.39-4050.jar -XX:+HeapDumpOnOutOfMemoryError -XX:HeapDumpPath=c:\Users\johan\AppData\Roaming\Code\User\workspaceStorage\9fab93a5cf35b890fa11ad1705cbd6a8\redhat.java -Daether.dependencyCollector.impl=bf c:\Users\johan\.vscode\extensions\redhat.java-1.46.0-win32-x64\server\plugins\org.eclipse.equinox.launcher_1.7.0.v20250519-0528.jar -configuration c:\Users\johan\AppData\Roaming\Code\User\globalStorage\redhat.java\1.46.0\config_win -data c:\Users\johan\AppData\Roaming\Code\User\workspaceStorage\9fab93a5cf35b890fa11ad1705cbd6a8\redhat.java\jdt_ws --pipe=\\.\pipe\lsp-55435b5f296a2fd76466bb1d8f5ce07b-sock

Host: Intel(R) Core(TM) i7-3770K CPU @ 3.50GHz, 8 cores, 15G,  Windows 10 , 64 bit Build 19041 (10.0.19041.5915)
Time: Wed Oct 22 11:01:52 2025 Hora verano Sudam廨ica Pac璗ico elapsed time: 5.787821 seconds (0d 0h 0m 5s)

---------------  T H R E A D  ---------------

Current thread (0x00000259dc8dea20):  WorkerThread "GC Thread#0"    [id=12424, stack(0x0000008001100000,0x0000008001200000) (1024K)]

Stack: [0x0000008001100000,0x0000008001200000],  sp=0x00000080011ff680,  free space=1021k
Native frames: (J=compiled Java code, j=interpreted, Vv=VM code, C=native code)
V  [jvm.dll+0x70e8b7]
V  [jvm.dll+0x706759]
V  [jvm.dll+0x8dc2e7]
V  [jvm.dll+0x857e6b]
V  [jvm.dll+0x6d0b0d]
C  [ucrtbase.dll+0x21bb2]
C  [KERNEL32.DLL+0x17374]
C  [ntdll.dll+0x4cc91]


siginfo: EXCEPTION_ACCESS_VIOLATION (0xc0000005), reading address 0x0000025a0088ff84


Registers:
RAX=0x0000025a0088ff78, RBX=0x00000259dc934d50, RCX=0x0000000000000000, RDX=0x000000008087fff8
RSP=0x00000080011ff680, RBP=0x00000259dc8dea20, RSI=0x0000000000000005, RDI=0x00000259dc97f4e0
R8 =0x000000008088ff78, R9 =0x0000000000000001, R10=0x0000025980000000, R11=0x00000259dc97f4e0
R12=0x0000000000000030, R13=0x0000000000000000, R14=0x00000259da67cc68, R15=0x0000000000000070
RIP=0x00007ffa2be7e8b7, EFLAGS=0x0000000000010206

XMM[0]=0x0000000000000000 0x0000000000000000
XMM[1]=0x0000000000000000 0x0000000000000000
XMM[2]=0x0000000000000000 0x0000000000000000
XMM[3]=0x0000000000000000 0x0000000000000000
XMM[4]=0x0000000000000000 0x0000000000000000
XMM[5]=0x0000000000000000 0x0000000000000000
XMM[6]=0x0000000000000000 0x0000000000000000
XMM[7]=0x0000000000000000 0x0000000000000000
XMM[8]=0x0000000000000000 0x0000000000000000
XMM[9]=0x0000000000000000 0x0000000000000000
XMM[10]=0x0000000000000000 0x0000000000000000
XMM[11]=0x0000000000000000 0x0000000000000000
XMM[12]=0x0000000000000000 0x0000000000000000
XMM[13]=0x0000000000000000 0x0000000000000000
XMM[14]=0x0000000000000000 0x0000000000000000
XMM[15]=0x0000000000000000 0x0000000000000000
  MXCSR=0x00001fa0


Register to memory mapping:

RAX=0x0000025a0088ff78 is an unknown value
RBX=0x00000259dc934d50 points into unknown readable memory: 0x0000000400000000 | 00 00 00 00 04 00 00 00
RCX=0x0 is null
RDX=
[error occurred during error reporting (printing register info), id 0xc0000005, EXCEPTION_ACCESS_VIOLATION (0xc0000005) at pc=0x00007ffa2be50e36]
RSP=0x00000080011ff680 points into unknown readable memory: 0x00000259dc97f4e0 | e0 f4 97 dc 59 02 00 00
RBP=0x00000259dc8dea20 points into unknown readable memory: 0x00007ffa2c251208 | 08 12 25 2c fa 7f 00 00
RSI=0x0000000000000005 is an unknown value
RDI=0x00000259dc97f4e0 points into unknown readable memory: 0x00000259dc7be7b0 | b0 e7 7b dc 59 02 00 00
R8 =0x000000008088ff78 is pointing into object: [Ljava.util.HashMap$Node; 
{0x000000008088ff70} - klass: 'java/util/HashMap$Node'[]
 - length: 8
R9 =0x0000000000000001 is an unknown value
R10=0x0000025980000000 is pointing into metadata
R11=0x00000259dc97f4e0 points into unknown readable memory: 0x00000259dc7be7b0 | b0 e7 7b dc 59 02 00 00
R12=0x0000000000000030 is an unknown value
R13=0x0 is null
R14=0x00000259da67cc68 points into unknown readable memory: 0x00000259dc8e3140 | 40 31 8e dc 59 02 00 00
R15=0x0000000000000070 is an unknown value

Top of Stack: (sp=0x00000080011ff680)
0x00000080011ff680:   00000259dc97f4e0 00000259dc934d50
0x00000080011ff690:   00000259dc8dea20 00000259dc8dea20
0x00000080011ff6a0:   00007ffa2c2023f8 0000000000000000
0x00000080011ff6b0:   00000259dc97f4e0 0000000000000005
0x00000080011ff6c0:   0000000000000020 00007ffa2be76759
0x00000080011ff6d0:   0000000000000000 0000000000000030
0x00000080011ff6e0:   0000000000000006 00000259dc8e3140
0x00000080011ff6f0:   00000259dc8e3140 00007ffa2c04c2e7
0x00000080011ff700:   00000259da65cd18 0000000000000005
0x00000080011ff710:   0000000000000005 00000259dc8e3140
0x00000080011ff720:   0000000000000000 00000259dc8dea20
0x00000080011ff730:   0000000000000000 0000000000100000
0x00000080011ff740:   0000000000000000 00007ffa2bfc7e6b
0x00000080011ff750:   0000008001100000 00000000ffffffff
0x00000080011ff760:   0000000000000000 0000000000000000
0x00000080011ff770:   0000000000000004 0000000000001000
0x00000080011ff780:   0000000400001000 0000000000020000
0x00000080011ff790:   0000000000000000 00007ffa2bfc861a
0x00000080011ff7a0:   00000259dc8dea20 0000000000000000
0x00000080011ff7b0:   0000b9bee3e06b6d 0000000000000000
0x00000080011ff7c0:   0000000000000000 00007ffa2be40b0d
0x00000080011ff7d0:   00000259dc8dea20 00000259dc8dea20
0x00000080011ff7e0:   00000000000075a3 0000000000000000
0x00000080011ff7f0:   0000000000000000 00007ffa843b1bb2
0x00000080011ff800:   00000259000075a3 00000259dc8c8920
0x00000080011ff810:   0000000000000000 0000000000000000
0x00000080011ff820:   0000000000000000 00007ffa84dd7374
0x00000080011ff830:   0000000000000000 0000000000000000
0x00000080011ff840:   0000000000000000 0000000000000000
0x00000080011ff850:   0000000000000000 00007ffa865dcc91
0x00000080011ff860:   0000000000000000 0000000000000000
0x00000080011ff870:   0000000000000000 0000000000000000 

Instructions: (pc=0x00007ffa2be7e8b7)
0x00007ffa2be7e7b7:   00 00 4c 89 64 24 38 4c 89 7c 24 40 48 c7 44 24
0x00007ffa2be7e7c7:   48 ff ff ff ff 48 89 5c 24 20 e8 6a fd fc ff 85
0x00007ffa2be7e7d7:   c0 75 3e 8b 0d d0 77 5a 00 48 8b 94 24 80 00 00
0x00007ffa2be7e7e7:   00 4c 8b ca 4c 8b c2 49 d3 e9 49 8b c1 48 d3 e0
0x00007ffa2be7e7f7:   4c 2b c0 48 8b 84 24 90 00 00 00 49 c1 e8 03 48
0x00007ffa2be7e807:   8b 48 70 45 88 04 09 48 8b 4c 24 70 e8 68 00 00
0x00007ffa2be7e817:   00 48 8b 0d 79 bb 5a 00 48 8d 04 b6 48 8d 14 c1
0x00007ffa2be7e827:   48 8d 04 bf 48 8d 04 c1 48 3b c2 73 27 0f 1f 40
0x00007ffa2be7e837:   00 0f 1f 84 00 00 00 00 00 8b 48 1c 81 e1 ff ff
0x00007ffa2be7e847:   ff 07 81 c9 00 00 00 60 89 48 1c 48 83 c0 28 48
0x00007ffa2be7e857:   3b c2 72 e5 4c 8d 9c 24 a0 00 00 00 49 8b 5b 30
0x00007ffa2be7e867:   49 8b 6b 38 49 8b 73 40 49 8b e3 41 5f 41 5e 41
0x00007ffa2be7e877:   5d 41 5c 5f c3 cc cc cc cc 48 83 ec 48 44 0f b6
0x00007ffa2be7e887:   0d e3 2c 52 00 4c 8b d9 8b 0d a3 17 52 00 4c 8b
0x00007ffa2be7e897:   15 94 17 52 00 45 84 c9 74 0f 44 8b 42 08 41 8b
0x00007ffa2be7e8a7:   c0 48 d3 e0 49 03 c2 eb 07 48 8b 42 08 44 8b c0
0x00007ffa2be7e8b7:   83 78 0c 05 74 3f 48 c7 44 24 28 00 00 00 00 48
0x00007ffa2be7e8c7:   8d 05 2b 3b 38 00 48 89 44 24 20 4c 89 5c 24 30
0x00007ffa2be7e8d7:   45 84 c9 74 08 49 d3 e0 4d 03 c2 eb 04 4c 8b 42
0x00007ffa2be7e8e7:   08 49 63 40 0c 4c 8d 0d 25 09 53 00 48 8d 4c 24
0x00007ffa2be7e8f7:   20 41 ff 14 c1 48 83 c4 48 c3 cc cc cc cc cc cc
0x00007ffa2be7e907:   cc cc cc cc cc cc cc cc cc 4c 8b d2 4c 8b d9 48
0x00007ffa2be7e917:   8d 15 83 b8 5a 00 33 c0 4c 8b c2 4d 8b 08 4d 39
0x00007ffa2be7e927:   51 28 77 06 4d 3b 51 38 72 10 ff c0 49 83 c0 58
0x00007ffa2be7e937:   83 f8 04 72 e6 b8 04 00 00 00 48 63 c8 48 6b c1
0x00007ffa2be7e947:   58 4c 8b 44 10 20 4d 85 c0 74 23 8b 0d 58 76 5a
0x00007ffa2be7e957:   00 49 8b d2 48 d3 ea 48 8b c2 48 d3 e0 49 8b ca
0x00007ffa2be7e967:   48 2b c8 49 8b 40 70 48 c1 e9 03 88 0c 02 49 8b
0x00007ffa2be7e977:   d2 49 8b cb e9 00 ff ff ff 48 89 5c 24 18 55 56
0x00007ffa2be7e987:   57 41 54 41 55 41 56 41 57 48 83 ec 70 48 8b 05
0x00007ffa2be7e997:   0d da 54 00 48 33 c4 48 89 44 24 60 4c 8b e9 89
0x00007ffa2be7e9a7:   54 24 20 8b ca 8b da e8 1d 84 ff ff 4c 8b e0 c7 


Stack slot to memory mapping:

stack at sp + 0 slots: 0x00000259dc97f4e0 points into unknown readable memory: 0x00000259dc7be7b0 | b0 e7 7b dc 59 02 00 00
stack at sp + 1 slots: 0x00000259dc934d50 points into unknown readable memory: 0x0000000400000000 | 00 00 00 00 04 00 00 00
stack at sp + 2 slots: 0x00000259dc8dea20 points into unknown readable memory: 0x00007ffa2c251208 | 08 12 25 2c fa 7f 00 00
stack at sp + 3 slots: 0x00000259dc8dea20 points into unknown readable memory: 0x00007ffa2c251208 | 08 12 25 2c fa 7f 00 00
stack at sp + 4 slots: 0x00007ffa2c2023f8 jvm.dll
stack at sp + 5 slots: 0x0 is null
stack at sp + 6 slots: 0x00000259dc97f4e0 points into unknown readable memory: 0x00000259dc7be7b0 | b0 e7 7b dc 59 02 00 00
stack at sp + 7 slots: 0x0000000000000005 is an unknown value


---------------  P R O C E S S  ---------------

Threads class SMR info:
_java_thread_list=0x00000259fbcacc80, length=37, elements={
0x00000259dc8c0610, 0x00000259dc82f380, 0x00000259dc8304e0, 0x00000259dc8318c0,
0x00000259dc832870, 0x00000259dc83a180, 0x00000259dc83c8e0, 0x00000259dc843ef0,
0x00000259dc844be0, 0x00000259dc83cf70, 0x00000259dc83c250, 0x00000259dc839af0,
0x00000259dc83a810, 0x00000259dc83aea0, 0x00000259dc83bbc0, 0x00000259f9e8b020,
0x00000259f9e8b6b0, 0x00000259f9e8bd40, 0x00000259f9e8a300, 0x00000259f9e8a990,
0x00000259f9e8f850, 0x00000259fad80080, 0x00000259f9e888c0, 0x00000259fb6d3320,
0x00000259f9e89c70, 0x00000259f9e8fee0, 0x00000259f9e8ca60, 0x00000259f9e88f50,
0x00000259f9e8d780, 0x00000259f9e8eb30, 0x00000259f9e8f1c0, 0x00000259f9e8d0f0,
0x00000259f9e8de10, 0x00000259f9e8e4a0, 0x00000259f9e895e0, 0x00000259fb2a7a80,
0x00000259fb2a5320
}

Java Threads: ( => current thread )
  0x00000259dc8c0610 JavaThread "main"                              [_thread_blocked, id=23560, stack(0x0000008001000000,0x0000008001100000) (1024K)]
  0x00000259dc82f380 JavaThread "Reference Handler"          daemon [_thread_blocked, id=18320, stack(0x0000008001400000,0x0000008001500000) (1024K)]
  0x00000259dc8304e0 JavaThread "Finalizer"                  daemon [_thread_blocked, id=17772, stack(0x0000008001500000,0x0000008001600000) (1024K)]
  0x00000259dc8318c0 JavaThread "Signal Dispatcher"          daemon [_thread_blocked, id=20632, stack(0x0000008001600000,0x0000008001700000) (1024K)]
  0x00000259dc832870 JavaThread "Attach Listener"            daemon [_thread_blocked, id=13640, stack(0x0000008001700000,0x0000008001800000) (1024K)]
  0x00000259dc83a180 JavaThread "Service Thread"             daemon [_thread_blocked, id=20328, stack(0x0000008001800000,0x0000008001900000) (1024K)]
  0x00000259dc83c8e0 JavaThread "Monitor Deflation Thread"   daemon [_thread_blocked, id=22048, stack(0x0000008001900000,0x0000008001a00000) (1024K)]
  0x00000259dc843ef0 JavaThread "C2 CompilerThread0"         daemon [_thread_blocked, id=13972, stack(0x0000008001a00000,0x0000008001b00000) (1024K)]
  0x00000259dc844be0 JavaThread "C1 CompilerThread0"         daemon [_thread_blocked, id=12964, stack(0x0000008001b00000,0x0000008001c00000) (1024K)]
  0x00000259dc83cf70 JavaThread "Common-Cleaner"             daemon [_thread_blocked, id=6616, stack(0x0000008001c00000,0x0000008001d00000) (1024K)]
  0x00000259dc83c250 JavaThread "Notification Thread"        daemon [_thread_blocked, id=16448, stack(0x0000008001e00000,0x0000008001f00000) (1024K)]
  0x00000259dc839af0 JavaThread "Active Thread: Equinox Container: 82e28610-506b-4f1f-bd3f-a12ea09ba134"        [_thread_blocked, id=20332, stack(0x0000008002600000,0x0000008002700000) (1024K)]
  0x00000259dc83a810 JavaThread "Refresh Thread: Equinox Container: 82e28610-506b-4f1f-bd3f-a12ea09ba134" daemon [_thread_blocked, id=21044, stack(0x0000008002800000,0x0000008002900000) (1024K)]
  0x00000259dc83aea0 JavaThread "Framework Event Dispatcher: Equinox Container: 82e28610-506b-4f1f-bd3f-a12ea09ba134" daemon [_thread_blocked, id=22872, stack(0x0000008002900000,0x0000008002a00000) (1024K)]
  0x00000259dc83bbc0 JavaThread "Start Level: Equinox Container: 82e28610-506b-4f1f-bd3f-a12ea09ba134" daemon [_thread_blocked, id=22216, stack(0x0000008002a00000,0x0000008002b00000) (1024K)]
  0x00000259f9e8b020 JavaThread "Bundle File Closer"         daemon [_thread_blocked, id=20452, stack(0x0000008002b00000,0x0000008002c00000) (1024K)]
  0x00000259f9e8b6b0 JavaThread "SCR Component Actor"        daemon [_thread_blocked, id=6628, stack(0x0000008001f00000,0x0000008002000000) (1024K)]
  0x00000259f9e8bd40 JavaThread "Worker-JM"                         [_thread_blocked, id=11432, stack(0x0000008002c00000,0x0000008002d00000) (1024K)]
  0x00000259f9e8a300 JavaThread "JNA Cleaner"                daemon [_thread_blocked, id=752, stack(0x0000008001d00000,0x0000008001e00000) (1024K)]
  0x00000259f9e8a990 JavaThread "Worker-0: Repository registry initialization"        [_thread_blocked, id=8404, stack(0x0000008002d00000,0x0000008002e00000) (1024K)]
  0x00000259f9e8f850 JavaThread "Worker-1: Initialize After Load"        [_thread_blocked, id=23844, stack(0x0000008002e00000,0x0000008002f00000) (1024K)]
  0x00000259fad80080 JavaThread "C2 CompilerThread1"         daemon [_thread_blocked, id=12056, stack(0x0000008002f00000,0x0000008003000000) (1024K)]
  0x00000259f9e888c0 JavaThread "Java indexing"              daemon [_thread_blocked, id=15580, stack(0x0000008003000000,0x0000008003100000) (1024K)]
  0x00000259fb6d3320 JavaThread "C2 CompilerThread2"         daemon [_thread_blocked, id=24488, stack(0x0000008003100000,0x0000008003200000) (1024K)]
  0x00000259f9e89c70 JavaThread "Worker-2: Loading available Gradle versions"        [_thread_blocked, id=9224, stack(0x0000008003400000,0x0000008003500000) (1024K)]
  0x00000259f9e8fee0 JavaThread "Worker-3"                          [_thread_blocked, id=19216, stack(0x0000008003500000,0x0000008003600000) (1024K)]
  0x00000259f9e8ca60 JavaThread "Worker-4"                          [_thread_blocked, id=2640, stack(0x0000008003600000,0x0000008003700000) (1024K)]
  0x00000259f9e88f50 JavaThread "Thread-1"                   daemon [_thread_in_native, id=13524, stack(0x0000008003700000,0x0000008003800000) (1024K)]
  0x00000259f9e8d780 JavaThread "Thread-2"                   daemon [_thread_in_native, id=9904, stack(0x0000008003800000,0x0000008003900000) (1024K)]
  0x00000259f9e8eb30 JavaThread "Thread-3"                   daemon [_thread_in_native, id=21136, stack(0x0000008003900000,0x0000008003a00000) (1024K)]
  0x00000259f9e8f1c0 JavaThread "Thread-4"                   daemon [_thread_in_native, id=24452, stack(0x0000008003a00000,0x0000008003b00000) (1024K)]
  0x00000259f9e8d0f0 JavaThread "Thread-5"                   daemon [_thread_in_native, id=18692, stack(0x0000008003b00000,0x0000008003c00000) (1024K)]
  0x00000259f9e8de10 JavaThread "Thread-6"                   daemon [_thread_in_native, id=13772, stack(0x0000008003c00000,0x0000008003d00000) (1024K)]
  0x00000259f9e8e4a0 JavaThread "Thread-7"                   daemon [_thread_in_native, id=17340, stack(0x0000008003d00000,0x0000008003e00000) (1024K)]
  0x00000259f9e895e0 JavaThread "Thread-8"                   daemon [_thread_in_native, id=14600, stack(0x0000008003e00000,0x0000008003f00000) (1024K)]
  0x00000259fb2a7a80 JavaThread "Thread-9"                   daemon [_thread_in_native, id=15256, stack(0x0000008003f00000,0x0000008004000000) (1024K)]
  0x00000259fb2a5320 JavaThread "pool-2-thread-1"                   [_thread_blocked, id=22592, stack(0x0000008004000000,0x0000008004100000) (1024K)]
Total: 37

Other Threads:
  0x00000259dc8224f0 VMThread "VM Thread"                           [id=13672, stack(0x0000008001300000,0x0000008001400000) (1024K)]
  0x00000259dc92be10 WatcherThread "VM Periodic Task Thread"        [id=4540, stack(0x0000008001200000,0x0000008001300000) (1024K)]
=>0x00000259dc8dea20 WorkerThread "GC Thread#0"                     [id=12424, stack(0x0000008001100000,0x0000008001200000) (1024K)]
  0x00000259f9510370 WorkerThread "GC Thread#1"                     [id=19532, stack(0x0000008002000000,0x0000008002100000) (1024K)]
  0x00000259f96257a0 WorkerThread "GC Thread#2"                     [id=9776, stack(0x0000008002100000,0x0000008002200000) (1024K)]
  0x00000259f9625b40 WorkerThread "GC Thread#3"                     [id=16224, stack(0x0000008002200000,0x0000008002300000) (1024K)]
  0x00000259f9414500 WorkerThread "GC Thread#4"                     [id=15668, stack(0x0000008002300000,0x0000008002400000) (1024K)]
  0x00000259f94148a0 WorkerThread "GC Thread#5"                     [id=7960, stack(0x0000008002400000,0x0000008002500000) (1024K)]
  0x00000259f9414c40 WorkerThread "GC Thread#6"                     [id=6648, stack(0x0000008002500000,0x0000008002600000) (1024K)]
  0x00000259f96dfe30 WorkerThread "GC Thread#7"                     [id=1640, stack(0x0000008002700000,0x0000008002800000) (1024K)]
Total: 10

Threads with active compile tasks:
C2 CompilerThread0  5863 4564   !   4       org.eclipse.osgi.internal.loader.classpath.ClasspathManager::findClassImpl (343 bytes)
C1 CompilerThread0  5863 4761   !   3       java.lang.reflect.Executable::declaredAnnotations (85 bytes)
C2 CompilerThread1  5863 4702       4       org.eclipse.osgi.internal.loader.BundleLoader::addExportedProvidersFor (167 bytes)
C2 CompilerThread2  5863 4693       4       org.eclipse.osgi.internal.serviceregistry.ServiceRegistry::notifyHooksPrivileged (57 bytes)
Total: 4

VM state: at safepoint (normal execution)

VM Mutex/Monitor currently owned by a thread:  ([mutex/lock_event])
[0x00007ffa2c425458] Threads_lock - owner thread: 0x00000259dc8224f0
[0x00007ffa2c425558] Heap_lock - owner thread: 0x00000259dc8c0610

Heap address: 0x0000000080000000, size: 2048 MB, Compressed Oops mode: 32-bit

CDS archive(s) mapped at: [0x0000025980000000-0x0000025980ba0000-0x0000025980ba0000), size 12189696, SharedBaseAddress: 0x0000025980000000, ArchiveRelocationMode: 1.
Compressed class space mapped at: 0x0000025981000000-0x00000259c1000000, reserved size: 1073741824
Narrow klass base: 0x0000025980000000, Narrow klass shift: 0, Narrow klass range: 0x100000000

GC Precious Log:
 CardTable entry size: 512
 CPUs: 8 total, 8 available
 Memory: 16330M
 Large Page Support: Disabled
 NUMA Support: Disabled
 Compressed Oops: Enabled (32-bit)
 Alignments: Space 512K, Generation 512K, Heap 2M
 Heap Min Capacity: 100M
 Heap Initial Capacity: 100M
 Heap Max Capacity: 2G
 Pre-touch: Disabled
 Parallel Workers: 8

Heap:
 PSYoungGen      total 25600K, used 320K [0x00000000d5580000, 0x00000000d7180000, 0x0000000100000000)
  eden space 22016K, 0% used [0x00000000d5580000,0x00000000d5580000,0x00000000d6b00000)
  from space 3584K, 8% used [0x00000000d6b00000,0x00000000d6b50000,0x00000000d6e80000)
  to   space 1536K, 0% used [0x00000000d7000000,0x00000000d7000000,0x00000000d7180000)
 ParOldGen       total 68608K, used 19112K [0x0000000080000000, 0x0000000084300000, 0x00000000d5580000)
  object space 68608K, 27% used [0x0000000080000000,0x00000000812aa300,0x0000000084300000)
 Metaspace       used 34721K, committed 35840K, reserved 1114112K
  class space    used 3588K, committed 4096K, reserved 1048576K

Card table byte_map: [0x00000259dc270000,0x00000259dc680000] _byte_map_base: 0x00000259dbe70000

Marking Bits: (ParMarkBitMap*) 0x00007ffa2c42a340
 Begin Bits: [0x00000259eed70000, 0x00000259f0d70000)
 End Bits:   [0x00000259f0d70000, 0x00000259f2d70000)

Polling page: 0x00000259da750000

Metaspace:

Usage:
  Non-class:     30.40 MB used.
      Class:      3.50 MB used.
       Both:     33.91 MB used.

Virtual space:
  Non-class space:       64.00 MB reserved,      31.00 MB ( 48%) committed,  1 nodes.
      Class space:        1.00 GB reserved,       4.00 MB ( <1%) committed,  1 nodes.
             Both:        1.06 GB reserved,      35.00 MB (  3%) committed. 

Chunk freelists:
   Non-Class:  816.00 KB
       Class:  12.02 MB
        Both:  12.81 MB

MaxMetaspaceSize: unlimited
CompressedClassSpaceSize: 1.00 GB
Initial GC threshold: 21.00 MB
Current GC threshold: 35.00 MB
CDS: on
 - commit_granule_bytes: 65536.
 - commit_granule_words: 8192.
 - virtual_space_node_default_size: 8388608.
 - enlarge_chunks_in_place: 1.
 - use_allocation_guard: 0.


Internal statistics:

num_allocs_failed_limit: 6.
num_arena_births: 896.
num_arena_deaths: 14.
num_vsnodes_births: 2.
num_vsnodes_deaths: 0.
num_space_committed: 560.
num_space_uncommitted: 0.
num_chunks_returned_to_freelist: 20.
num_chunks_taken_from_freelist: 2399.
num_chunk_merges: 4.
num_chunk_splits: 1485.
num_chunks_enlarged: 852.
num_inconsistent_stats: 0.

CodeHeap 'non-profiled nmethods': size=120000Kb used=1924Kb max_used=2317Kb free=118076Kb
 bounds [0x00000259e7590000, 0x00000259e7800000, 0x00000259eeac0000]
CodeHeap 'profiled nmethods': size=120000Kb used=8491Kb max_used=10061Kb free=111508Kb
 bounds [0x00000259dfac0000, 0x00000259e04a0000, 0x00000259e6ff0000]
CodeHeap 'non-nmethods': size=5760Kb used=1355Kb max_used=1413Kb free=4404Kb
 bounds [0x00000259e6ff0000, 0x00000259e7260000, 0x00000259e7590000]
CodeCache: size=245760Kb, used=11770Kb, max_used=13791Kb, free=233988Kb
 total_blobs=4813, nmethods=4160, adapters=559, full_count=0
Compilation: enabled, stopped_count=0, restarted_count=0

Compilation events (20 events):
Event: 5.713 Thread 0x00000259dc844be0 nmethod 4749 0x00000259e0488810 code [0x00000259e04889c0, 0x00000259e0488bb0]
Event: 5.713 Thread 0x00000259dc844be0 4750   !   3       java.io.BufferedInputStream::read (69 bytes)
Event: 5.715 Thread 0x00000259dc844be0 nmethod 4750 0x00000259e0488c90 code [0x00000259e0488f20, 0x00000259e0489b60]
Event: 5.715 Thread 0x00000259dc844be0 4751   !   3       java.io.ObjectInputStream::readSerialData (474 bytes)
Event: 5.719 Thread 0x00000259dc844be0 nmethod 4751 0x00000259e048a010 code [0x00000259e048a500, 0x00000259e048ccd0]
Event: 5.720 Thread 0x00000259dc844be0 4755       2       java.lang.Character::codePointAt (51 bytes)
Event: 5.720 Thread 0x00000259dc844be0 nmethod 4755 0x00000259e048df90 code [0x00000259e048e160, 0x00000259e048e3a8]
Event: 5.720 Thread 0x00000259dc844be0 4753   !   3       java.io.ObjectStreamClass::newInstance (157 bytes)
Event: 5.722 Thread 0x00000259dc844be0 nmethod 4753 0x00000259e048e490 code [0x00000259e048e8e0, 0x00000259e04904c0]
Event: 5.722 Thread 0x00000259dc844be0 4748       3       java.util.Comparator$$Lambda/0x0000025981022568::compare (10 bytes)
Event: 5.723 Thread 0x00000259dc844be0 nmethod 4748 0x00000259e0491510 code [0x00000259e0491700, 0x00000259e0491bf8]
Event: 5.723 Thread 0x00000259dc844be0 4756       3       java.util.Comparator::lambda$comparing$77a9974f$1 (23 bytes)
Event: 5.723 Thread 0x00000259dc844be0 nmethod 4756 0x00000259e0491d90 code [0x00000259e0491f60, 0x00000259e04923d0]
Event: 5.723 Thread 0x00000259dc844be0 4757       3       java.lang.Class::forName (24 bytes)
Event: 5.723 Thread 0x00000259dc844be0 nmethod 4757 0x00000259e0492510 code [0x00000259e04926e0, 0x00000259e04928e8]
Event: 5.723 Thread 0x00000259dc844be0 4758       3       java.lang.Class::forName (41 bytes)
Event: 5.723 Thread 0x00000259dc844be0 nmethod 4758 0x00000259e0492a10 code [0x00000259e0492bc0, 0x00000259e0492db8]
Event: 5.723 Thread 0x00000259dc844be0 4752       3       java.io.ObjectInputStream$HandleTable::setObject (54 bytes)
Event: 5.724 Thread 0x00000259dc844be0 nmethod 4752 0x00000259e0492e90 code [0x00000259e0493060, 0x00000259e0493480]
Event: 5.724 Thread 0x00000259dc844be0 4761   !   3       java.lang.reflect.Executable::declaredAnnotations (85 bytes)

GC Heap History (20 events):
Event: 2.924 GC heap after
{Heap after GC invocations=5 (full 0):
 PSYoungGen      total 29184K, used 4082K [0x00000000d5580000, 0x00000000d7a00000, 0x0000000100000000)
  eden space 25088K, 0% used [0x00000000d5580000,0x00000000d5580000,0x00000000d6e00000)
  from space 4096K, 99% used [0x00000000d6e80000,0x00000000d727cb98,0x00000000d7280000)
  to   space 6144K, 0% used [0x00000000d7400000,0x00000000d7400000,0x00000000d7a00000)
 ParOldGen       total 68608K, used 8154K [0x0000000080000000, 0x0000000084300000, 0x00000000d5580000)
  object space 68608K, 11% used [0x0000000080000000,0x00000000807f6950,0x0000000084300000)
 Metaspace       used 15118K, committed 15680K, reserved 1114112K
  class space    used 1564K, committed 1856K, reserved 1048576K
}
Event: 3.557 GC heap before
{Heap before GC invocations=6 (full 0):
 PSYoungGen      total 29184K, used 29170K [0x00000000d5580000, 0x00000000d7a00000, 0x0000000100000000)
  eden space 25088K, 100% used [0x00000000d5580000,0x00000000d6e00000,0x00000000d6e00000)
  from space 4096K, 99% used [0x00000000d6e80000,0x00000000d727cb98,0x00000000d7280000)
  to   space 6144K, 0% used [0x00000000d7400000,0x00000000d7400000,0x00000000d7a00000)
 ParOldGen       total 68608K, used 8154K [0x0000000080000000, 0x0000000084300000, 0x00000000d5580000)
  object space 68608K, 11% used [0x0000000080000000,0x00000000807f6950,0x0000000084300000)
 Metaspace       used 18526K, committed 19328K, reserved 1114112K
  class space    used 1946K, committed 2304K, reserved 1048576K
}
Event: 3.565 GC heap after
{Heap after GC invocations=6 (full 0):
 PSYoungGen      total 30208K, used 5213K [0x00000000d5580000, 0x00000000d7980000, 0x0000000100000000)
  eden space 24576K, 0% used [0x00000000d5580000,0x00000000d5580000,0x00000000d6d80000)
  from space 5632K, 92% used [0x00000000d7400000,0x00000000d7917578,0x00000000d7980000)
  to   space 5632K, 0% used [0x00000000d6e80000,0x00000000d6e80000,0x00000000d7400000)
 ParOldGen       total 68608K, used 8162K [0x0000000080000000, 0x0000000084300000, 0x00000000d5580000)
  object space 68608K, 11% used [0x0000000080000000,0x00000000807f8950,0x0000000084300000)
 Metaspace       used 18526K, committed 19328K, reserved 1114112K
  class space    used 1946K, committed 2304K, reserved 1048576K
}
Event: 3.911 GC heap before
{Heap before GC invocations=7 (full 0):
 PSYoungGen      total 30208K, used 26642K [0x00000000d5580000, 0x00000000d7980000, 0x0000000100000000)
  eden space 24576K, 87% used [0x00000000d5580000,0x00000000d6a6d470,0x00000000d6d80000)
  from space 5632K, 92% used [0x00000000d7400000,0x00000000d7917578,0x00000000d7980000)
  to   space 5632K, 0% used [0x00000000d6e80000,0x00000000d6e80000,0x00000000d7400000)
 ParOldGen       total 68608K, used 8162K [0x0000000080000000, 0x0000000084300000, 0x00000000d5580000)
  object space 68608K, 11% used [0x0000000080000000,0x00000000807f8950,0x0000000084300000)
 Metaspace       used 20683K, committed 21504K, reserved 1114112K
  class space    used 2193K, committed 2560K, reserved 1048576K
}
Event: 3.916 GC heap after
{Heap after GC invocations=7 (full 0):
 PSYoungGen      total 28672K, used 3998K [0x00000000d5580000, 0x00000000d7680000, 0x0000000100000000)
  eden space 24576K, 0% used [0x00000000d5580000,0x00000000d5580000,0x00000000d6d80000)
  from space 4096K, 97% used [0x00000000d6e80000,0x00000000d7267990,0x00000000d7280000)
  to   space 4096K, 0% used [0x00000000d7280000,0x00000000d7280000,0x00000000d7680000)
 ParOldGen       total 68608K, used 9603K [0x0000000080000000, 0x0000000084300000, 0x00000000d5580000)
  object space 68608K, 13% used [0x0000000080000000,0x0000000080960c30,0x0000000084300000)
 Metaspace       used 20683K, committed 21504K, reserved 1114112K
  class space    used 2193K, committed 2560K, reserved 1048576K
}
Event: 3.916 GC heap before
{Heap before GC invocations=8 (full 1):
 PSYoungGen      total 28672K, used 3998K [0x00000000d5580000, 0x00000000d7680000, 0x0000000100000000)
  eden space 24576K, 0% used [0x00000000d5580000,0x00000000d5580000,0x00000000d6d80000)
  from space 4096K, 97% used [0x00000000d6e80000,0x00000000d7267990,0x00000000d7280000)
  to   space 4096K, 0% used [0x00000000d7280000,0x00000000d7280000,0x00000000d7680000)
 ParOldGen       total 68608K, used 9603K [0x0000000080000000, 0x0000000084300000, 0x00000000d5580000)
  object space 68608K, 13% used [0x0000000080000000,0x0000000080960c30,0x0000000084300000)
 Metaspace       used 20683K, committed 21504K, reserved 1114112K
  class space    used 2193K, committed 2560K, reserved 1048576K
}
Event: 3.951 GC heap after
{Heap after GC invocations=8 (full 1):
 PSYoungGen      total 28672K, used 0K [0x00000000d5580000, 0x00000000d7680000, 0x0000000100000000)
  eden space 24576K, 0% used [0x00000000d5580000,0x00000000d5580000,0x00000000d6d80000)
  from space 4096K, 0% used [0x00000000d6e80000,0x00000000d6e80000,0x00000000d7280000)
  to   space 4096K, 0% used [0x00000000d7280000,0x00000000d7280000,0x00000000d7680000)
 ParOldGen       total 68608K, used 12689K [0x0000000080000000, 0x0000000084300000, 0x00000000d5580000)
  object space 68608K, 18% used [0x0000000080000000,0x0000000080c64720,0x0000000084300000)
 Metaspace       used 20671K, committed 21504K, reserved 1114112K
  class space    used 2189K, committed 2560K, reserved 1048576K
}
Event: 4.162 GC heap before
{Heap before GC invocations=9 (full 1):
 PSYoungGen      total 28672K, used 24576K [0x00000000d5580000, 0x00000000d7680000, 0x0000000100000000)
  eden space 24576K, 100% used [0x00000000d5580000,0x00000000d6d80000,0x00000000d6d80000)
  from space 4096K, 0% used [0x00000000d6e80000,0x00000000d6e80000,0x00000000d7280000)
  to   space 4096K, 0% used [0x00000000d7280000,0x00000000d7280000,0x00000000d7680000)
 ParOldGen       total 68608K, used 12689K [0x0000000080000000, 0x0000000084300000, 0x00000000d5580000)
  object space 68608K, 18% used [0x0000000080000000,0x0000000080c64720,0x0000000084300000)
 Metaspace       used 22615K, committed 23488K, reserved 1114112K
  class space    used 2377K, committed 2752K, reserved 1048576K
}
Event: 4.163 GC heap after
{Heap after GC invocations=9 (full 1):
 PSYoungGen      total 26624K, used 2417K [0x00000000d5580000, 0x00000000d7500000, 0x0000000100000000)
  eden space 24064K, 0% used [0x00000000d5580000,0x00000000d5580000,0x00000000d6d00000)
  from space 2560K, 94% used [0x00000000d7280000,0x00000000d74dc668,0x00000000d7500000)
  to   space 3584K, 0% used [0x00000000d6e00000,0x00000000d6e00000,0x00000000d7180000)
 ParOldGen       total 68608K, used 12697K [0x0000000080000000, 0x0000000084300000, 0x00000000d5580000)
  object space 68608K, 18% used [0x0000000080000000,0x0000000080c66720,0x0000000084300000)
 Metaspace       used 22615K, committed 23488K, reserved 1114112K
  class space    used 2377K, committed 2752K, reserved 1048576K
}
Event: 4.372 GC heap before
{Heap before GC invocations=10 (full 1):
 PSYoungGen      total 26624K, used 26481K [0x00000000d5580000, 0x00000000d7500000, 0x0000000100000000)
  eden space 24064K, 100% used [0x00000000d5580000,0x00000000d6d00000,0x00000000d6d00000)
  from space 2560K, 94% used [0x00000000d7280000,0x00000000d74dc668,0x00000000d7500000)
  to   space 3584K, 0% used [0x00000000d6e00000,0x00000000d6e00000,0x00000000d7180000)
 ParOldGen       total 68608K, used 12697K [0x0000000080000000, 0x0000000084300000, 0x00000000d5580000)
  object space 68608K, 18% used [0x0000000080000000,0x0000000080c66720,0x0000000084300000)
 Metaspace       used 26378K, committed 27264K, reserved 1114112K
  class space    used 2648K, committed 3008K, reserved 1048576K
}
Event: 4.373 GC heap after
{Heap after GC invocations=10 (full 1):
 PSYoungGen      total 25088K, used 1506K [0x00000000d5580000, 0x00000000d7300000, 0x0000000100000000)
  eden space 23552K, 0% used [0x00000000d5580000,0x00000000d5580000,0x00000000d6c80000)
  from space 1536K, 98% used [0x00000000d6e00000,0x00000000d6f789c0,0x00000000d6f80000)
  to   space 2048K, 0% used [0x00000000d7100000,0x00000000d7100000,0x00000000d7300000)
 ParOldGen       total 68608K, used 12705K [0x0000000080000000, 0x0000000084300000, 0x00000000d5580000)
  object space 68608K, 18% used [0x0000000080000000,0x0000000080c68720,0x0000000084300000)
 Metaspace       used 26378K, committed 27264K, reserved 1114112K
  class space    used 2648K, committed 3008K, reserved 1048576K
}
Event: 4.667 GC heap before
{Heap before GC invocations=11 (full 1):
 PSYoungGen      total 25088K, used 25058K [0x00000000d5580000, 0x00000000d7300000, 0x0000000100000000)
  eden space 23552K, 100% used [0x00000000d5580000,0x00000000d6c80000,0x00000000d6c80000)
  from space 1536K, 98% used [0x00000000d6e00000,0x00000000d6f789c0,0x00000000d6f80000)
  to   space 2048K, 0% used [0x00000000d7100000,0x00000000d7100000,0x00000000d7300000)
 ParOldGen       total 68608K, used 12705K [0x0000000080000000, 0x0000000084300000, 0x00000000d5580000)
  object space 68608K, 18% used [0x0000000080000000,0x0000000080c68720,0x0000000084300000)
 Metaspace       used 28087K, committed 29120K, reserved 1114112K
  class space    used 2772K, committed 3200K, reserved 1048576K
}
Event: 4.670 GC heap after
{Heap after GC invocations=11 (full 1):
 PSYoungGen      total 25088K, used 1851K [0x00000000d5580000, 0x00000000d7300000, 0x0000000100000000)
  eden space 23040K, 0% used [0x00000000d5580000,0x00000000d5580000,0x00000000d6c00000)
  from space 2048K, 90% used [0x00000000d7100000,0x00000000d72ceda0,0x00000000d7300000)
  to   space 2048K, 0% used [0x00000000d6f00000,0x00000000d6f00000,0x00000000d7100000)
 ParOldGen       total 68608K, used 14560K [0x0000000080000000, 0x0000000084300000, 0x00000000d5580000)
  object space 68608K, 21% used [0x0000000080000000,0x0000000080e38328,0x0000000084300000)
 Metaspace       used 28087K, committed 29120K, reserved 1114112K
  class space    used 2772K, committed 3200K, reserved 1048576K
}
Event: 5.340 GC heap before
{Heap before GC invocations=12 (full 1):
 PSYoungGen      total 25088K, used 24891K [0x00000000d5580000, 0x00000000d7300000, 0x0000000100000000)
  eden space 23040K, 100% used [0x00000000d5580000,0x00000000d6c00000,0x00000000d6c00000)
  from space 2048K, 90% used [0x00000000d7100000,0x00000000d72ceda0,0x00000000d7300000)
  to   space 2048K, 0% used [0x00000000d6f00000,0x00000000d6f00000,0x00000000d7100000)
 ParOldGen       total 68608K, used 14560K [0x0000000080000000, 0x0000000084300000, 0x00000000d5580000)
  object space 68608K, 21% used [0x0000000080000000,0x0000000080e38328,0x0000000084300000)
 Metaspace       used 31308K, committed 32384K, reserved 1114112K
  class space    used 3151K, committed 3648K, reserved 1048576K
}
Event: 5.344 GC heap after
{Heap after GC invocations=12 (full 1):
 PSYoungGen      total 24576K, used 1688K [0x00000000d5580000, 0x00000000d7180000, 0x0000000100000000)
  eden space 22528K, 0% used [0x00000000d5580000,0x00000000d5580000,0x00000000d6b80000)
  from space 2048K, 82% used [0x00000000d6f00000,0x00000000d70a60c8,0x00000000d7100000)
  to   space 512K, 0% used [0x00000000d7100000,0x00000000d7100000,0x00000000d7180000)
 ParOldGen       total 68608K, used 16228K [0x0000000080000000, 0x0000000084300000, 0x00000000d5580000)
  object space 68608K, 23% used [0x0000000080000000,0x0000000080fd9148,0x0000000084300000)
 Metaspace       used 31308K, committed 32384K, reserved 1114112K
  class space    used 3151K, committed 3648K, reserved 1048576K
}
Event: 5.674 GC heap before
{Heap before GC invocations=13 (full 1):
 PSYoungGen      total 24576K, used 24216K [0x00000000d5580000, 0x00000000d7180000, 0x0000000100000000)
  eden space 22528K, 100% used [0x00000000d5580000,0x00000000d6b80000,0x00000000d6b80000)
  from space 2048K, 82% used [0x00000000d6f00000,0x00000000d70a60c8,0x00000000d7100000)
  to   space 512K, 0% used [0x00000000d7100000,0x00000000d7100000,0x00000000d7180000)
 ParOldGen       total 68608K, used 16228K [0x0000000080000000, 0x0000000084300000, 0x00000000d5580000)
  object space 68608K, 23% used [0x0000000080000000,0x0000000080fd9148,0x0000000084300000)
 Metaspace       used 34343K, committed 35520K, reserved 1114112K
  class space    used 3530K, committed 4032K, reserved 1048576K
}
Event: 5.678 GC heap after
{Heap after GC invocations=13 (full 1):
 PSYoungGen      total 22528K, used 510K [0x00000000d5580000, 0x00000000d7200000, 0x0000000100000000)
  eden space 22016K, 0% used [0x00000000d5580000,0x00000000d5580000,0x00000000d6b00000)
  from space 512K, 99% used [0x00000000d7100000,0x00000000d717f9a0,0x00000000d7180000)
  to   space 3584K, 0% used [0x00000000d6b00000,0x00000000d6b00000,0x00000000d6e80000)
 ParOldGen       total 68608K, used 18603K [0x0000000080000000, 0x0000000084300000, 0x00000000d5580000)
  object space 68608K, 27% used [0x0000000080000000,0x000000008122ae00,0x0000000084300000)
 Metaspace       used 34343K, committed 35520K, reserved 1114112K
  class space    used 3530K, committed 4032K, reserved 1048576K
}
Event: 5.736 GC heap before
{Heap before GC invocations=14 (full 1):
 PSYoungGen      total 22528K, used 4625K [0x00000000d5580000, 0x00000000d7200000, 0x0000000100000000)
  eden space 22016K, 18% used [0x00000000d5580000,0x00000000d5984ae8,0x00000000d6b00000)
  from space 512K, 99% used [0x00000000d7100000,0x00000000d717f9a0,0x00000000d7180000)
  to   space 3584K, 0% used [0x00000000d6b00000,0x00000000d6b00000,0x00000000d6e80000)
 ParOldGen       total 68608K, used 18603K [0x0000000080000000, 0x0000000084300000, 0x00000000d5580000)
  object space 68608K, 27% used [0x0000000080000000,0x000000008122ae00,0x0000000084300000)
 Metaspace       used 34721K, committed 35840K, reserved 1114112K
  class space    used 3588K, committed 4096K, reserved 1048576K
}
Event: 5.737 GC heap after
{Heap after GC invocations=14 (full 1):
 PSYoungGen      total 25600K, used 320K [0x00000000d5580000, 0x00000000d7180000, 0x0000000100000000)
  eden space 22016K, 0% used [0x00000000d5580000,0x00000000d5580000,0x00000000d6b00000)
  from space 3584K, 8% used [0x00000000d6b00000,0x00000000d6b50000,0x00000000d6e80000)
  to   space 1536K, 0% used [0x00000000d7000000,0x00000000d7000000,0x00000000d7180000)
 ParOldGen       total 68608K, used 19112K [0x0000000080000000, 0x0000000084300000, 0x00000000d5580000)
  object space 68608K, 27% used [0x0000000080000000,0x00000000812aa300,0x0000000084300000)
 Metaspace       used 34721K, committed 35840K, reserved 1114112K
  class space    used 3588K, committed 4096K, reserved 1048576K
}
Event: 5.738 GC heap before
{Heap before GC invocations=15 (full 2):
 PSYoungGen      total 25600K, used 320K [0x00000000d5580000, 0x00000000d7180000, 0x0000000100000000)
  eden space 22016K, 0% used [0x00000000d5580000,0x00000000d5580000,0x00000000d6b00000)
  from space 3584K, 8% used [0x00000000d6b00000,0x00000000d6b50000,0x00000000d6e80000)
  to   space 1536K, 0% used [0x00000000d7000000,0x00000000d7000000,0x00000000d7180000)
 ParOldGen       total 68608K, used 19112K [0x0000000080000000, 0x0000000084300000, 0x00000000d5580000)
  object space 68608K, 27% used [0x0000000080000000,0x00000000812aa300,0x0000000084300000)
 Metaspace       used 34721K, committed 35840K, reserved 1114112K
  class space    used 3588K, committed 4096K, reserved 1048576K
}

Dll operation events (10 events):
Event: 0.009 Loaded shared library c:\Users\johan\.vscode\extensions\redhat.java-1.46.0-win32-x64\jre\21.0.8-win32-x86_64\bin\java.dll
Event: 0.079 Loaded shared library c:\Users\johan\.vscode\extensions\redhat.java-1.46.0-win32-x64\jre\21.0.8-win32-x86_64\bin\zip.dll
Event: 0.101 Loaded shared library C:\Users\johan\.vscode\extensions\redhat.java-1.46.0-win32-x64\jre\21.0.8-win32-x86_64\bin\instrument.dll
Event: 0.105 Loaded shared library C:\Users\johan\.vscode\extensions\redhat.java-1.46.0-win32-x64\jre\21.0.8-win32-x86_64\bin\net.dll
Event: 0.106 Loaded shared library C:\Users\johan\.vscode\extensions\redhat.java-1.46.0-win32-x64\jre\21.0.8-win32-x86_64\bin\nio.dll
Event: 0.109 Loaded shared library C:\Users\johan\.vscode\extensions\redhat.java-1.46.0-win32-x64\jre\21.0.8-win32-x86_64\bin\zip.dll
Event: 0.127 Loaded shared library C:\Users\johan\.vscode\extensions\redhat.java-1.46.0-win32-x64\jre\21.0.8-win32-x86_64\bin\jimage.dll
Event: 0.199 Loaded shared library c:\Users\johan\.vscode\extensions\redhat.java-1.46.0-win32-x64\jre\21.0.8-win32-x86_64\bin\verify.dll
Event: 1.587 Loaded shared library C:\Users\johan\AppData\Roaming\Code\User\globalStorage\redhat.java\1.46.0\config_win\org.eclipse.equinox.launcher\org.eclipse.equinox.launcher.win32.win32.x86_64_1.2.1400.v20250801-0854\eclipse_11916.dll
Event: 3.260 Loaded shared library C:\Users\johan\AppData\Local\Temp\jna-101303088\jna12084441793619987869.dll

Deoptimization events (20 events):
Event: 5.365 Thread 0x00000259dc83bbc0 DEOPT PACKING pc=0x00000259e7765900 sp=0x0000008002afd490
Event: 5.365 Thread 0x00000259dc83bbc0 DEOPT UNPACKING pc=0x00000259e7043aa2 sp=0x0000008002afd358 mode 2
Event: 5.515 Thread 0x00000259dc83aea0 Uncommon trap: trap_request=0xffffffde fr.pc=0x00000259e77b74a4 relative=0x00000000000007e4
Event: 5.515 Thread 0x00000259dc83aea0 Uncommon trap: reason=class_check action=maybe_recompile pc=0x00000259e77b74a4 method=org.eclipse.osgi.internal.framework.BundleContextImpl.dispatchEvent(Ljava/lang/Object;Ljava/lang/Object;ILjava/lang/Object;)V @ 297 c2
Event: 5.515 Thread 0x00000259dc83aea0 DEOPT PACKING pc=0x00000259e77b74a4 sp=0x00000080029ff1c0
Event: 5.515 Thread 0x00000259dc83aea0 DEOPT UNPACKING pc=0x00000259e7043aa2 sp=0x00000080029ff170 mode 2
Event: 5.519 Thread 0x00000259f9e8f850 DEOPT PACKING pc=0x00000259dff8a39f sp=0x0000008002efd6a0
Event: 5.519 Thread 0x00000259f9e8f850 DEOPT UNPACKING pc=0x00000259e7044242 sp=0x0000008002efcb78 mode 0
Event: 5.544 Thread 0x00000259dc8c0610 Uncommon trap: trap_request=0xffffff45 fr.pc=0x00000259e7784574 relative=0x0000000000001a34
Event: 5.544 Thread 0x00000259dc8c0610 Uncommon trap: reason=unstable_if action=reinterpret pc=0x00000259e7784574 method=java.util.Properties.loadConvert([CIILjava/lang/StringBuilder;)Ljava/lang/String; @ 477 c2
Event: 5.544 Thread 0x00000259dc8c0610 DEOPT PACKING pc=0x00000259e7784574 sp=0x00000080010f9bd0
Event: 5.544 Thread 0x00000259dc8c0610 DEOPT UNPACKING pc=0x00000259e7043aa2 sp=0x00000080010f9ba8 mode 2
Event: 5.578 Thread 0x00000259f9e8f850 Uncommon trap: trap_request=0xffffff45 fr.pc=0x00000259e772bfbc relative=0x0000000000001adc
Event: 5.579 Thread 0x00000259f9e8f850 Uncommon trap: reason=unstable_if action=reinterpret pc=0x00000259e772bfbc method=sun.nio.fs.WindowsPathParser.nextNonSlash(Ljava/lang/String;II)I @ 2 c2
Event: 5.579 Thread 0x00000259f9e8f850 DEOPT PACKING pc=0x00000259e772bfbc sp=0x0000008002efca00
Event: 5.579 Thread 0x00000259f9e8f850 DEOPT UNPACKING pc=0x00000259e7043aa2 sp=0x0000008002efc990 mode 2
Event: 5.629 Thread 0x00000259dc8c0610 Uncommon trap: trap_request=0xffffff45 fr.pc=0x00000259e77ceb6c relative=0x000000000000010c
Event: 5.629 Thread 0x00000259dc8c0610 Uncommon trap: reason=unstable_if action=reinterpret pc=0x00000259e77ceb6c method=java.io.WinNTFileSystem.normalize(Ljava/lang/String;)Ljava/lang/String; @ 74 c2
Event: 5.629 Thread 0x00000259dc8c0610 DEOPT PACKING pc=0x00000259e77ceb6c sp=0x00000080010feb30
Event: 5.629 Thread 0x00000259dc8c0610 DEOPT UNPACKING pc=0x00000259e7043aa2 sp=0x00000080010feb18 mode 2

Classes loaded (20 events):
Event: 5.660 Loading class javax/net/ssl/SSLSocketFactory$DefaultFactoryHolder done
Event: 5.679 Loading class sun/nio/ch/Invoker
Event: 5.679 Loading class sun/nio/ch/Invoker done
Event: 5.679 Loading class sun/nio/ch/Invoker$1
Event: 5.679 Loading class sun/nio/ch/Invoker$1 done
Event: 5.679 Loading class sun/nio/ch/Invoker$GroupAndInvokeCount
Event: 5.679 Loading class sun/nio/ch/Invoker$GroupAndInvokeCount done
Event: 5.681 Loading class sun/reflect/generics/tree/TypeVariableSignature
Event: 5.682 Loading class sun/reflect/generics/tree/TypeVariableSignature done
Event: 5.687 Loading class javax/net/ssl/SSLContext
Event: 5.688 Loading class javax/net/ssl/SSLContext done
Event: 5.689 Loading class javax/net/ssl/SSLContextSpi
Event: 5.693 Loading class javax/net/ssl/SSLContextSpi done
Event: 5.694 Loading class sun/security/jca/ProviderConfig$3
Event: 5.697 Loading class sun/security/jca/ProviderConfig$3 done
Event: 5.699 Loading class sun/security/jca/ProviderConfig$ProviderLoader
Event: 5.700 Loading class sun/security/jca/ProviderConfig$ProviderLoader done
Event: 5.721 Loading class java/lang/Deprecated
Event: 5.721 Loading class java/lang/Deprecated done
Event: 5.723 Loading class java/lang/reflect/Executable$ParameterData

Classes unloaded (7 events):
Event: 3.921 Thread 0x00000259dc8224f0 Unloading class 0x00000259811aa800 'java/lang/invoke/LambdaForm$MH+0x00000259811aa800'
Event: 3.921 Thread 0x00000259dc8224f0 Unloading class 0x00000259811aa400 'java/lang/invoke/LambdaForm$MH+0x00000259811aa400'
Event: 3.921 Thread 0x00000259dc8224f0 Unloading class 0x00000259811aa000 'java/lang/invoke/LambdaForm$MH+0x00000259811aa000'
Event: 3.921 Thread 0x00000259dc8224f0 Unloading class 0x00000259811a9c00 'java/lang/invoke/LambdaForm$MH+0x00000259811a9c00'
Event: 3.921 Thread 0x00000259dc8224f0 Unloading class 0x00000259811a9800 'java/lang/invoke/LambdaForm$BMH+0x00000259811a9800'
Event: 3.921 Thread 0x00000259dc8224f0 Unloading class 0x00000259811a9400 'java/lang/invoke/LambdaForm$DMH+0x00000259811a9400'
Event: 3.921 Thread 0x00000259dc8224f0 Unloading class 0x00000259811a8000 'java/lang/invoke/LambdaForm$DMH+0x00000259811a8000'

Classes redefined (0 events):
No events

Internal exceptions (20 events):
Event: 5.594 Thread 0x00000259f9e8f850 Exception <a 'sun/nio/fs/WindowsException'{0x00000000d6752c60}> (0x00000000d6752c60) 
thrown [s\src\hotspot\share\prims\jni.cpp, line 520]
Event: 5.594 Thread 0x00000259f9e8f850 Exception <a 'sun/nio/fs/WindowsException'{0x00000000d6753760}> (0x00000000d6753760) 
thrown [s\src\hotspot\share\prims\jni.cpp, line 520]
Event: 5.594 Thread 0x00000259f9e8f850 Exception <a 'sun/nio/fs/WindowsException'{0x00000000d6754840}> (0x00000000d6754840) 
thrown [s\src\hotspot\share\prims\jni.cpp, line 520]
Event: 5.594 Thread 0x00000259f9e8f850 Exception <a 'sun/nio/fs/WindowsException'{0x00000000d6764c78}> (0x00000000d6764c78) 
thrown [s\src\hotspot\share\prims\jni.cpp, line 520]
Event: 5.597 Thread 0x00000259f9e8f850 Exception <a 'sun/nio/fs/WindowsException'{0x00000000d678acd8}> (0x00000000d678acd8) 
thrown [s\src\hotspot\share\prims\jni.cpp, line 520]
Event: 5.597 Thread 0x00000259f9e8f850 Exception <a 'sun/nio/fs/WindowsException'{0x00000000d678b7d8}> (0x00000000d678b7d8) 
thrown [s\src\hotspot\share\prims\jni.cpp, line 520]
Event: 5.605 Thread 0x00000259f9e8f850 Exception <a 'sun/nio/fs/WindowsException'{0x00000000d6801880}> (0x00000000d6801880) 
thrown [s\src\hotspot\share\prims\jni.cpp, line 520]
Event: 5.605 Thread 0x00000259f9e8f850 Exception <a 'sun/nio/fs/WindowsException'{0x00000000d6802380}> (0x00000000d6802380) 
thrown [s\src\hotspot\share\prims\jni.cpp, line 520]
Event: 5.624 Thread 0x00000259dc8c0610 Exception <a 'java/lang/NoSuchMethodError'{0x00000000d699a420}: 'java.lang.Object java.lang.invoke.DirectMethodHandle$Holder.invokeStatic(java.lang.Object, long, java.lang.Object)'> (0x00000000d699a420) 
thrown [s\src\hotspot\share\interpreter\linkResolver.cpp, line 773]
Event: 5.625 Thread 0x00000259dc8c0610 Exception <a 'java/lang/NoSuchMethodError'{0x00000000d699dd08}: 'java.lang.Object java.lang.invoke.DirectMethodHandle$Holder.invokeStaticInit(java.lang.Object, long, java.lang.Object)'> (0x00000000d699dd08) 
thrown [s\src\hotspot\share\interpreter\linkResolver.cpp, line 773]
Event: 5.626 Thread 0x00000259dc8c0610 Exception <a 'java/lang/NoSuchMethodError'{0x00000000d69b3238}: 'java.lang.Object java.lang.invoke.DirectMethodHandle$Holder.newInvokeSpecial(java.lang.Object, long)'> (0x00000000d69b3238) 
thrown [s\src\hotspot\share\interpreter\linkResolver.cpp, line 773]
Event: 5.644 Thread 0x00000259f9e8f850 Exception <a 'sun/nio/fs/WindowsException'{0x00000000d6b0fff0}> (0x00000000d6b0fff0) 
thrown [s\src\hotspot\share\prims\jni.cpp, line 520]
Event: 5.644 Thread 0x00000259f9e8f850 Exception <a 'sun/nio/fs/WindowsException'{0x00000000d6b108d0}> (0x00000000d6b108d0) 
thrown [s\src\hotspot\share\prims\jni.cpp, line 520]
Event: 5.644 Thread 0x00000259f9e8f850 Exception <a 'sun/nio/fs/WindowsException'{0x00000000d6b114a0}> (0x00000000d6b114a0) 
thrown [s\src\hotspot\share\prims\jni.cpp, line 520]
Event: 5.644 Thread 0x00000259f9e8f850 Exception <a 'sun/nio/fs/WindowsException'{0x00000000d6b11d80}> (0x00000000d6b11d80) 
thrown [s\src\hotspot\share\prims\jni.cpp, line 520]
Event: 5.645 Thread 0x00000259f9e8f850 Exception <a 'sun/nio/fs/WindowsException'{0x00000000d6b129b0}> (0x00000000d6b129b0) 
thrown [s\src\hotspot\share\prims\jni.cpp, line 520]
Event: 5.645 Thread 0x00000259f9e8f850 Exception <a 'sun/nio/fs/WindowsException'{0x00000000d6b181e0}> (0x00000000d6b181e0) 
thrown [s\src\hotspot\share\prims\jni.cpp, line 520]
Event: 5.646 Thread 0x00000259f9e8f850 Exception <a 'sun/nio/fs/WindowsException'{0x00000000d6b199b0}> (0x00000000d6b199b0) 
thrown [s\src\hotspot\share\prims\jni.cpp, line 520]
Event: 5.646 Thread 0x00000259f9e8f850 Exception <a 'sun/nio/fs/WindowsException'{0x00000000d6b1a290}> (0x00000000d6b1a290) 
thrown [s\src\hotspot\share\prims\jni.cpp, line 520]
Event: 5.649 Thread 0x00000259f9e8f850 Exception <a 'java/lang/NoSuchMethodError'{0x00000000d6b30170}: 'void java.lang.invoke.DirectMethodHandle$Holder.invokeVirtual(java.lang.Object, java.lang.Object, java.lang.Object, java.lang.Object)'> (0x00000000d6b30170) 
thrown [s\src\hotspot\share\interpreter\linkResolver.cpp, line 773]

ZGC Phase Switch (0 events):
No events

VM Operations (20 events):
Event: 4.373 Executing VM operation: ParallelGCFailedAllocation (Allocation Failure) done
Event: 4.667 Executing VM operation: ParallelGCFailedAllocation (Allocation Failure)
Event: 4.670 Executing VM operation: ParallelGCFailedAllocation (Allocation Failure) done
Event: 4.740 Executing VM operation: HandshakeAllThreads (Deoptimize)
Event: 4.740 Executing VM operation: HandshakeAllThreads (Deoptimize) done
Event: 4.881 Executing VM operation: HandshakeAllThreads (Deoptimize)
Event: 4.881 Executing VM operation: HandshakeAllThreads (Deoptimize) done
Event: 4.886 Executing VM operation: HandshakeAllThreads (Deoptimize)
Event: 4.886 Executing VM operation: HandshakeAllThreads (Deoptimize) done
Event: 4.954 Executing VM operation: HandshakeAllThreads (Deoptimize)
Event: 4.954 Executing VM operation: HandshakeAllThreads (Deoptimize) done
Event: 5.086 Executing VM operation: HandshakeAllThreads (Deoptimize)
Event: 5.112 Executing VM operation: HandshakeAllThreads (Deoptimize) done
Event: 5.340 Executing VM operation: ParallelGCFailedAllocation (Allocation Failure)
Event: 5.344 Executing VM operation: ParallelGCFailedAllocation (Allocation Failure) done
Event: 5.661 Executing VM operation: ParallelGCFailedAllocation (Allocation Failure)
Event: 5.679 Executing VM operation: ParallelGCFailedAllocation (Allocation Failure) done
Event: 5.709 Executing VM operation: HandshakeAllThreads (Deoptimize)
Event: 5.720 Executing VM operation: HandshakeAllThreads (Deoptimize) done
Event: 5.724 Executing VM operation: CollectForMetadataAllocation (Metadata GC Threshold)

Memory protections (0 events):
No events

Nmethod flushes (20 events):
Event: 5.757 Thread 0x00000259dc8224f0 flushing  nmethod 0x00000259e00c0990
Event: 5.757 Thread 0x00000259dc8224f0 flushing  nmethod 0x00000259e00e7f10
Event: 5.757 Thread 0x00000259dc8224f0 flushing  nmethod 0x00000259e00ec990
Event: 5.757 Thread 0x00000259dc8224f0 flushing  nmethod 0x00000259e0114190
Event: 5.757 Thread 0x00000259dc8224f0 flushing  nmethod 0x00000259e0139410
Event: 5.757 Thread 0x00000259dc8224f0 flushing  nmethod 0x00000259e013c610
Event: 5.757 Thread 0x00000259dc8224f0 flushing  nmethod 0x00000259e0172f90
Event: 5.757 Thread 0x00000259dc8224f0 flushing  nmethod 0x00000259e0174410
Event: 5.757 Thread 0x00000259dc8224f0 flushing  nmethod 0x00000259e0174d10
Event: 5.757 Thread 0x00000259dc8224f0 flushing  nmethod 0x00000259e0175f10
Event: 5.757 Thread 0x00000259dc8224f0 flushing  nmethod 0x00000259e0176710
Event: 5.757 Thread 0x00000259dc8224f0 flushing  nmethod 0x00000259e0178410
Event: 5.757 Thread 0x00000259dc8224f0 flushing  nmethod 0x00000259e0178910
Event: 5.757 Thread 0x00000259dc8224f0 flushing  nmethod 0x00000259e017a610
Event: 5.757 Thread 0x00000259dc8224f0 flushing  nmethod 0x00000259e017aa90
Event: 5.757 Thread 0x00000259dc8224f0 flushing  nmethod 0x00000259e0184b10
Event: 5.757 Thread 0x00000259dc8224f0 flushing  nmethod 0x00000259e01c3f10
Event: 5.757 Thread 0x00000259dc8224f0 flushing  nmethod 0x00000259e01c7910
Event: 5.757 Thread 0x00000259dc8224f0 flushing  nmethod 0x00000259e02a0a90
Event: 5.757 Thread 0x00000259dc8224f0 flushing  nmethod 0x00000259e02a0f10

Events (20 events):
Event: 3.267 Thread 0x00000259f4cceea0 Thread exited: 0x00000259f4cceea0
Event: 3.292 Thread 0x00000259dc83bbc0 Thread added: 0x00000259f9e8a300
Event: 3.333 Thread 0x00000259dc83bbc0 Thread added: 0x00000259f9e8a990
Event: 3.358 Thread 0x00000259dc83bbc0 Thread added: 0x00000259f9e8f850
Event: 3.446 Thread 0x00000259dc844be0 Thread added: 0x00000259fad80080
Event: 4.710 Thread 0x00000259dc83bbc0 Thread added: 0x00000259f9e888c0
Event: 4.736 Thread 0x00000259dc844be0 Thread added: 0x00000259fb6d3320
Event: 5.243 Thread 0x00000259f9e8f850 Thread added: 0x00000259f9e89c70
Event: 5.397 Thread 0x00000259f9e89c70 Thread added: 0x00000259f9e8fee0
Event: 5.435 Thread 0x00000259f9e8fee0 Thread added: 0x00000259f9e8ca60
Event: 5.641 Thread 0x00000259dc8c0610 Thread added: 0x00000259f9e88f50
Event: 5.641 Thread 0x00000259dc8c0610 Thread added: 0x00000259f9e8d780
Event: 5.642 Thread 0x00000259dc8c0610 Thread added: 0x00000259f9e8eb30
Event: 5.642 Thread 0x00000259dc8c0610 Thread added: 0x00000259f9e8f1c0
Event: 5.642 Thread 0x00000259dc8c0610 Thread added: 0x00000259f9e8d0f0
Event: 5.642 Thread 0x00000259dc8c0610 Thread added: 0x00000259f9e8de10
Event: 5.642 Thread 0x00000259dc8c0610 Thread added: 0x00000259f9e8e4a0
Event: 5.642 Thread 0x00000259dc8c0610 Thread added: 0x00000259f9e895e0
Event: 5.642 Thread 0x00000259dc8c0610 Thread added: 0x00000259fb2a7a80
Event: 5.680 Thread 0x00000259dc8c0610 Thread added: 0x00000259fb2a5320


Dynamic libraries:
0x00007ff773c60000 - 0x00007ff773c6e000 	c:\Users\johan\.vscode\extensions\redhat.java-1.46.0-win32-x64\jre\21.0.8-win32-x86_64\bin\java.exe
0x00007ffa86590000 - 0x00007ffa86788000 	C:\Windows\SYSTEM32\ntdll.dll
0x00007ffa84dc0000 - 0x00007ffa84e82000 	C:\Windows\System32\KERNEL32.DLL
0x00007ffa83f30000 - 0x00007ffa84226000 	C:\Windows\System32\KERNELBASE.dll
0x00007ffa84390000 - 0x00007ffa84490000 	C:\Windows\System32\ucrtbase.dll
0x00007ffa61c70000 - 0x00007ffa61c8e000 	c:\Users\johan\.vscode\extensions\redhat.java-1.46.0-win32-x64\jre\21.0.8-win32-x86_64\bin\VCRUNTIME140.dll
0x00007ffa62560000 - 0x00007ffa62578000 	c:\Users\johan\.vscode\extensions\redhat.java-1.46.0-win32-x64\jre\21.0.8-win32-x86_64\bin\jli.dll
0x00007ffa85cb0000 - 0x00007ffa85e51000 	C:\Windows\System32\USER32.dll
0x00007ffa76940000 - 0x00007ffa76bdb000 	C:\Windows\WinSxS\amd64_microsoft.windows.common-controls_6595b64144ccf1df_6.0.19041.6456_none_60b8a6cb71f64256\COMCTL32.dll
0x00007ffa83d50000 - 0x00007ffa83d72000 	C:\Windows\System32\win32u.dll
0x00007ffa85f80000 - 0x00007ffa85fab000 	C:\Windows\System32\GDI32.dll
0x00007ffa85fb0000 - 0x00007ffa8604e000 	C:\Windows\System32\msvcrt.dll
0x00007ffa84490000 - 0x00007ffa845a9000 	C:\Windows\System32\gdi32full.dll
0x00007ffa842f0000 - 0x00007ffa8438d000 	C:\Windows\System32\msvcp_win.dll
0x00007ffa853f0000 - 0x00007ffa8541f000 	C:\Windows\System32\IMM32.DLL
0x00007ffa80610000 - 0x00007ffa8061c000 	c:\Users\johan\.vscode\extensions\redhat.java-1.46.0-win32-x64\jre\21.0.8-win32-x86_64\bin\vcruntime140_1.dll
0x00007ffa4a500000 - 0x00007ffa4a58d000 	c:\Users\johan\.vscode\extensions\redhat.java-1.46.0-win32-x64\jre\21.0.8-win32-x86_64\bin\msvcp140.dll
0x00007ffa2b770000 - 0x00007ffa2c507000 	c:\Users\johan\.vscode\extensions\redhat.java-1.46.0-win32-x64\jre\21.0.8-win32-x86_64\bin\server\jvm.dll
0x00007ffa86290000 - 0x00007ffa86341000 	C:\Windows\System32\ADVAPI32.dll
0x00007ffa846f0000 - 0x00007ffa8478f000 	C:\Windows\System32\sechost.dll
0x00007ffa85e60000 - 0x00007ffa85f80000 	C:\Windows\System32\RPCRT4.dll
0x00007ffa84230000 - 0x00007ffa84257000 	C:\Windows\System32\bcrypt.dll
0x00007ffa85c40000 - 0x00007ffa85cab000 	C:\Windows\System32\WS2_32.dll
0x00007ffa7db10000 - 0x00007ffa7db1a000 	C:\Windows\SYSTEM32\VERSION.dll
0x00007ffa831b0000 - 0x00007ffa831fb000 	C:\Windows\SYSTEM32\POWRPROF.dll
0x00007ffa7a320000 - 0x00007ffa7a347000 	C:\Windows\SYSTEM32\WINMM.dll
0x00007ffa83020000 - 0x00007ffa83032000 	C:\Windows\SYSTEM32\UMPDC.dll
0x00007ffa81ab0000 - 0x00007ffa81ac2000 	C:\Windows\SYSTEM32\kernel.appcore.dll
0x00007ffa7f010000 - 0x00007ffa7f01a000 	c:\Users\johan\.vscode\extensions\redhat.java-1.46.0-win32-x64\jre\21.0.8-win32-x86_64\bin\jimage.dll
0x00007ffa7c280000 - 0x00007ffa7c481000 	C:\Windows\SYSTEM32\DBGHELP.DLL
0x00007ffa7bfc0000 - 0x00007ffa7bff4000 	C:\Windows\SYSTEM32\dbgcore.DLL
0x00007ffa84260000 - 0x00007ffa842e2000 	C:\Windows\System32\bcryptPrimitives.dll
0x00007ffa7e470000 - 0x00007ffa7e47f000 	c:\Users\johan\.vscode\extensions\redhat.java-1.46.0-win32-x64\jre\21.0.8-win32-x86_64\bin\instrument.dll
0x00007ffa6ddc0000 - 0x00007ffa6dddf000 	c:\Users\johan\.vscode\extensions\redhat.java-1.46.0-win32-x64\jre\21.0.8-win32-x86_64\bin\java.dll
0x00007ffa854d0000 - 0x00007ffa85c40000 	C:\Windows\System32\SHELL32.dll
0x00007ffa81cb0000 - 0x00007ffa82455000 	C:\Windows\SYSTEM32\windows.storage.dll
0x00007ffa849e0000 - 0x00007ffa84d34000 	C:\Windows\System32\combase.dll
0x00007ffa83650000 - 0x00007ffa8367b000 	C:\Windows\SYSTEM32\Wldp.dll
0x00007ffa85320000 - 0x00007ffa853ed000 	C:\Windows\System32\OLEAUT32.dll
0x00007ffa85420000 - 0x00007ffa854cd000 	C:\Windows\System32\SHCORE.dll
0x00007ffa84840000 - 0x00007ffa8489b000 	C:\Windows\System32\shlwapi.dll
0x00007ffa83b50000 - 0x00007ffa83b74000 	C:\Windows\SYSTEM32\profapi.dll
0x00007ffa5fd40000 - 0x00007ffa5fd58000 	c:\Users\johan\.vscode\extensions\redhat.java-1.46.0-win32-x64\jre\21.0.8-win32-x86_64\bin\zip.dll
0x00007ffa7d7f0000 - 0x00007ffa7d800000 	C:\Users\johan\.vscode\extensions\redhat.java-1.46.0-win32-x64\jre\21.0.8-win32-x86_64\bin\net.dll
0x00007ffa7c9e0000 - 0x00007ffa7caea000 	C:\Windows\SYSTEM32\WINHTTP.dll
0x00007ffa833b0000 - 0x00007ffa8341a000 	C:\Windows\system32\mswsock.dll
0x00007ffa5eb90000 - 0x00007ffa5eba6000 	C:\Users\johan\.vscode\extensions\redhat.java-1.46.0-win32-x64\jre\21.0.8-win32-x86_64\bin\nio.dll
0x00007ffa7cb20000 - 0x00007ffa7cb30000 	c:\Users\johan\.vscode\extensions\redhat.java-1.46.0-win32-x64\jre\21.0.8-win32-x86_64\bin\verify.dll
0x00007ffa56bf0000 - 0x00007ffa56c34000 	C:\Users\johan\AppData\Roaming\Code\User\globalStorage\redhat.java\1.46.0\config_win\org.eclipse.equinox.launcher\org.eclipse.equinox.launcher.win32.win32.x86_64_1.2.1400.v20250801-0854\eclipse_11916.dll
0x00007ffa86350000 - 0x00007ffa8647b000 	C:\Windows\System32\ole32.dll
0x00007ffa835b0000 - 0x00007ffa835c8000 	C:\Windows\SYSTEM32\CRYPTSP.dll
0x00007ffa82c60000 - 0x00007ffa82c98000 	C:\Windows\system32\rsaenh.dll
0x00007ffa83b10000 - 0x00007ffa83b3e000 	C:\Windows\SYSTEM32\USERENV.dll
0x00007ffa835a0000 - 0x00007ffa835ac000 	C:\Windows\SYSTEM32\CRYPTBASE.dll
0x00007ffa83040000 - 0x00007ffa8307b000 	C:\Windows\SYSTEM32\IPHLPAPI.DLL
0x00007ffa84e90000 - 0x00007ffa84e98000 	C:\Windows\System32\NSI.dll
0x00007ffa52220000 - 0x00007ffa52269000 	C:\Users\johan\AppData\Local\Temp\jna-101303088\jna12084441793619987869.dll
0x00007ffa86540000 - 0x00007ffa86548000 	C:\Windows\System32\PSAPI.DLL
0x00007ffa7e3c0000 - 0x00007ffa7e3d7000 	C:\Windows\SYSTEM32\dhcpcsvc6.DLL
0x00007ffa7e3a0000 - 0x00007ffa7e3bd000 	C:\Windows\SYSTEM32\dhcpcsvc.DLL

JVMTI agents:
c:\Users\johan\.vscode\extensions\redhat.java-1.46.0-win32-x64\lombok\lombok-1.18.39-4050.jar path:c:\Users\johan\.vscode\extensions\redhat.java-1.46.0-win32-x64\jre\21.0.8-win32-x86_64\bin\instrument.dll, loaded, initialized, instrumentlib options:none

dbghelp: loaded successfully - version: 4.0.5 - missing functions: none
symbol engine: initialized successfully - sym options: 0x614 - pdb path: .;c:\Users\johan\.vscode\extensions\redhat.java-1.46.0-win32-x64\jre\21.0.8-win32-x86_64\bin;C:\Windows\SYSTEM32;C:\Windows\WinSxS\amd64_microsoft.windows.common-controls_6595b64144ccf1df_6.0.19041.6456_none_60b8a6cb71f64256;c:\Users\johan\.vscode\extensions\redhat.java-1.46.0-win32-x64\jre\21.0.8-win32-x86_64\bin\server;C:\Users\johan\AppData\Roaming\Code\User\globalStorage\redhat.java\1.46.0\config_win\org.eclipse.equinox.launcher\org.eclipse.equinox.launcher.win32.win32.x86_64_1.2.1400.v20250801-0854;C:\Users\johan\AppData\Local\Temp\jna-101303088

VM Arguments:
jvm_args: --add-modules=ALL-SYSTEM --add-opens=java.base/java.util=ALL-UNNAMED --add-opens=java.base/java.lang=ALL-UNNAMED --add-opens=java.base/sun.nio.fs=ALL-UNNAMED -Declipse.application=org.eclipse.jdt.ls.core.id1 -Dosgi.bundles.defaultStartLevel=4 -Declipse.product=org.eclipse.jdt.ls.core.product -Djava.import.generatesMetadataFilesAtProjectRoot=false -DDetectVMInstallationsJob.disabled=true -Dfile.encoding=utf8 -XX:+UseParallelGC -XX:GCTimeRatio=4 -XX:AdaptiveSizePolicyWeight=90 -Dsun.zip.disableMemoryMapping=true -Xmx2G -Xms100m -Xlog:disable -javaagent:c:\Users\johan\.vscode\extensions\redhat.java-1.46.0-win32-x64\lombok\lombok-1.18.39-4050.jar -XX:+HeapDumpOnOutOfMemoryError -XX:HeapDumpPath=c:\Users\johan\AppData\Roaming\Code\User\workspaceStorage\9fab93a5cf35b890fa11ad1705cbd6a8\redhat.java -Daether.dependencyCollector.impl=bf 
java_command: c:\Users\johan\.vscode\extensions\redhat.java-1.46.0-win32-x64\server\plugins\org.eclipse.equinox.launcher_1.7.0.v20250519-0528.jar -configuration c:\Users\johan\AppData\Roaming\Code\User\globalStorage\redhat.java\1.46.0\config_win -data c:\Users\johan\AppData\Roaming\Code\User\workspaceStorage\9fab93a5cf35b890fa11ad1705cbd6a8\redhat.java\jdt_ws --pipe=\\.\pipe\lsp-55435b5f296a2fd76466bb1d8f5ce07b-sock
java_class_path (initial): c:\Users\johan\.vscode\extensions\redhat.java-1.46.0-win32-x64\server\plugins\org.eclipse.equinox.launcher_1.7.0.v20250519-0528.jar
Launcher Type: SUN_STANDARD

[Global flags]
    uintx AdaptiveSizePolicyWeight                 = 90                                        {product} {command line}
     intx CICompilerCount                          = 4                                         {product} {ergonomic}
    uintx GCTimeRatio                              = 4                                         {product} {command line}
     bool HeapDumpOnOutOfMemoryError               = true                                   {manageable} {command line}
    ccstr HeapDumpPath                             = c:\Users\johan\AppData\Roaming\Code\User\workspaceStorage\9fab93a5cf35b890fa11ad1705cbd6a8\redhat.java         {manageable} {command line}
   size_t InitialHeapSize                          = 104857600                                 {product} {command line}
   size_t MaxHeapSize                              = 2147483648                                {product} {command line}
   size_t MaxNewSize                               = 715653120                                 {product} {ergonomic}
   size_t MinHeapDeltaBytes                        = 524288                                    {product} {ergonomic}
   size_t MinHeapSize                              = 104857600                                 {product} {command line}
   size_t NewSize                                  = 34603008                                  {product} {ergonomic}
    uintx NonNMethodCodeHeapSize                   = 5839372                                {pd product} {ergonomic}
    uintx NonProfiledCodeHeapSize                  = 122909434                              {pd product} {ergonomic}
   size_t OldSize                                  = 70254592                                  {product} {ergonomic}
    uintx ProfiledCodeHeapSize                     = 122909434                              {pd product} {ergonomic}
    uintx ReservedCodeCacheSize                    = 251658240                              {pd product} {ergonomic}
     bool SegmentedCodeCache                       = true                                      {product} {ergonomic}
   size_t SoftMaxHeapSize                          = 2147483648                             {manageable} {ergonomic}
     bool UseCompressedOops                        = true                           {product lp64_product} {ergonomic}
     bool UseLargePagesIndividualAllocation        = false                                  {pd product} {ergonomic}
     bool UseParallelGC                            = true                                      {product} {command line}

Logging:
Log output configuration:
 #0: stdout all=off uptime,level,tags foldmultilines=false
 #1: stderr all=off uptime,level,tags foldmultilines=false

Environment Variables:
PATH=C:\Program Files\Common Files\Oracle\Java\javapath;C:\Windows\system32;C:\Windows;C:\Windows\System32\Wbem;C:\Windows\System32\WindowsPowerShell\v1.0\;C:\Windows\System32\OpenSSH\;C:\Program Files (x86)\NVIDIA Corporation\PhysX\Common;C:\Program Files\Git\cmd;C:\Program Files\nodejs\;C:\Program Files\NVIDIA Corporation\NVIDIA NvDLISR;C:\Users\johan\AppData\Local\Microsoft\WindowsApps;C:\Users\johan\AppData\Local\Programs\Microsoft VS Code\bin;C:\Users\johan\AppData\Roaming\npm;C:\Program Files\Java\jdk-17\bin;C:\Program Files\MySQL\MySQL Server 9.4\bin;C:\Program Files\MySQL\MySQL Server 8.3\bin;C:\Program Files\Java\apache-maven-3.8.9\bin;
USERNAME=johan
OS=Windows_NT
PROCESSOR_IDENTIFIER=Intel64 Family 6 Model 58 Stepping 9, GenuineIntel
TMP=C:\Users\johan\AppData\Local\Temp
TEMP=C:\Users\johan\AppData\Local\Temp




Periodic native trim disabled

---------------  S Y S T E M  ---------------

OS:
 Windows 10 , 64 bit Build 19041 (10.0.19041.5915)
OS uptime: 4 days 20:57 hours

CPU: total 8 (initial active 8) (4 cores per cpu, 2 threads per core) family 6 model 58 stepping 9 microcode 0x21, cx8, cmov, fxsr, ht, mmx, sse, sse2, sse3, ssse3, sse4.1, sse4.2, popcnt, tsc, tscinvbit, avx, aes, erms, clmul, vzeroupper, clflush, rdtscp, f16c
Processor Information for the first 8 processors :
  Max Mhz: 3901, Current Mhz: 3901, Mhz Limit: 3901

Memory: 4k page, system-wide physical 16330M (8473M free)
TotalPageFile size 19597M (AvailPageFile size 9346M)
current process WorkingSet (physical memory assigned to process): 207M, peak: 208M
current process commit charge ("private bytes"): 333M, peak: 336M

vm_info: OpenJDK 64-Bit Server VM (21.0.8+9-LTS) for windows-amd64 JRE (21.0.8+9-LTS), built on 2025-07-15T00:00:00Z by "admin" with MS VC++ 17.7 (VS2022)

END.
